<?xml version="1.0" encoding="UTF-8"?>
<!-- Generated by org.testng.reporters.JUnitReportReporter -->
<testsuite hostname="AIPL6536LT14331" failures="0" tests="1" name="com.salesforce.testcases.TC001_Login_Cucumber" time="5.746" errors="0" timestamp="2022-02-08T09:48:39 IST" skipped="0">
  <testcase classname="com.salesforce.testcases.TC001_Login_Cucumber" name="runScenario" time="5.746"/>
  <system-out/>
</testsuite> <!-- com.salesforce.testcases.TC001_Login_Cucumber -->
