<?xml version="1.0" encoding="UTF-8"?>
<!-- Generated by org.testng.reporters.JUnitReportReporter -->
<testsuite hostname="AIPL6536LT14331" failures="0" tests="2" name="com.salesforce.testcases.TC002_CreateLead_Cucumber" time="5.724" errors="0" timestamp="2022-02-08T09:48:39 IST" skipped="0">
  <testcase classname="com.salesforce.testcases.TC002_CreateLead_Cucumber" name="runScenario" time="2.917"/>
  <system-out/>
  <testcase classname="com.salesforce.testcases.TC002_CreateLead_Cucumber" name="runScenario" time="2.807"/>
  <system-out/>
</testsuite> <!-- com.salesforce.testcases.TC002_CreateLead_Cucumber -->
